\BOOKMARK [1][-]{section.1}{Einleitung}{}% 1
\BOOKMARK [1][-]{section.2}{Grundlagen}{}% 2
\BOOKMARK [2][-]{subsection.2.1}{Das Cake-PHP Framework}{section.2}% 3
\BOOKMARK [3][-]{subsubsection.2.1.1}{Convention over Configuration in CakePHP}{subsection.2.1}% 4
\BOOKMARK [3][-]{subsubsection.2.1.2}{Model}{subsection.2.1}% 5
\BOOKMARK [3][-]{subsubsection.2.1.3}{View}{subsection.2.1}% 6
\BOOKMARK [3][-]{subsubsection.2.1.4}{Controller}{subsection.2.1}% 7
\BOOKMARK [3][-]{subsubsection.2.1.5}{Component}{subsection.2.1}% 8
\BOOKMARK [3][-]{subsubsection.2.1.6}{Shell}{subsection.2.1}% 9
\BOOKMARK [2][-]{subsection.2.2}{iTool3}{section.2}% 10
\BOOKMARK [3][-]{subsubsection.2.2.1}{Verk\344ufer und Benutzer}{subsection.2.2}% 11
\BOOKMARK [3][-]{subsubsection.2.2.2}{Produktverwaltung}{subsection.2.2}% 12
\BOOKMARK [3][-]{subsubsection.2.2.3}{Dashboard}{subsection.2.2}% 13
\BOOKMARK [2][-]{subsection.2.3}{Der BMECat}{section.2}% 14
\BOOKMARK [3][-]{subsubsection.2.3.1}{Terminologie}{subsection.2.3}% 15
\BOOKMARK [3][-]{subsubsection.2.3.2}{Transaktionen}{subsection.2.3}% 16
\BOOKMARK [3][-]{subsubsection.2.3.3}{Aufbau}{subsection.2.3}% 17
\BOOKMARK [1][-]{section.3}{Analyse der Aufgabe und der Anforderungen}{}% 18
\BOOKMARK [2][-]{subsection.3.1}{Funktionale und nichtfunktionale Anforderungen}{section.3}% 19
\BOOKMARK [3][-]{subsubsection.3.1.1}{Funktionale Anforderungen}{subsection.3.1}% 20
\BOOKMARK [3][-]{subsubsection.3.1.2}{Nichtfunktionale Anforderungen}{subsection.3.1}% 21
\BOOKMARK [2][-]{subsection.3.2}{Zielstellung}{section.3}% 22
\BOOKMARK [2][-]{subsection.3.3}{Einsch\344tzung der verwendeten Technologien}{section.3}% 23
\BOOKMARK [3][-]{subsubsection.3.3.1}{BMECat Format}{subsection.3.3}% 24
\BOOKMARK [3][-]{subsubsection.3.3.2}{Daten\374bertragung zu Mercateo}{subsection.3.3}% 25
\BOOKMARK [1][-]{section.4}{Entwurf}{}% 26
\BOOKMARK [2][-]{subsection.4.1}{Katalogerstellung}{section.4}% 27
\BOOKMARK [3][-]{subsubsection.4.1.1}{Die Tabelle mercateo\137accounts}{subsection.4.1}% 28
\BOOKMARK [3][-]{subsubsection.4.1.2}{Die Tabelle mercateo\137products}{subsection.4.1}% 29
\BOOKMARK [3][-]{subsubsection.4.1.3}{Allgemeiner Programmablauf bei der Katalogerzeugung}{subsection.4.1}% 30
\BOOKMARK [3][-]{subsubsection.4.1.4}{Katalogerstellungslogik in der Klasse AddNewCatalogTask}{subsection.4.1}% 31
\BOOKMARK [3][-]{subsubsection.4.1.5}{Katalogerstellungslogik in der Klasse UpdateCatalogTask }{subsection.4.1}% 32
\BOOKMARK [2][-]{subsection.4.2}{Bestandsdatenabfrage}{section.4}% 33
\BOOKMARK [1][-]{section.5}{Implementierung}{}% 34
\BOOKMARK [2][-]{subsection.5.1}{Die PrepareCatalog Shell}{section.5}% 35
\BOOKMARK [2][-]{subsection.5.2}{Die XMLWriter Komponente}{section.5}% 36
\BOOKMARK [2][-]{subsection.5.3}{Die BMECat Komponente}{section.5}% 37
\BOOKMARK [3][-]{subsubsection.5.3.1}{Erstellen des BMECat Dokumentes}{subsection.5.3}% 38
\BOOKMARK [3][-]{subsubsection.5.3.2}{Schreiben der Header Sektion}{subsection.5.3}% 39
\BOOKMARK [3][-]{subsubsection.5.3.3}{Schreiben des Kataloggruppensystems}{subsection.5.3}% 40
\BOOKMARK [3][-]{subsubsection.5.3.4}{Artikelerstellung}{subsection.5.3}% 41
\BOOKMARK [3][-]{subsubsection.5.3.5}{Kategoriemapping}{subsection.5.3}% 42
\BOOKMARK [2][-]{subsection.5.4}{Die Klasse CatalogToolsTask}{section.5}% 43
\BOOKMARK [3][-]{subsubsection.5.4.1}{Die Model-Klasse MercateoProductsTable}{subsection.5.4}% 44
\BOOKMARK [3][-]{subsubsection.5.4.2}{Erzeugung eines initialen Katalogdokumentes mit der Klasse AddNewCatalogTask}{subsection.5.4}% 45
\BOOKMARK [3][-]{subsubsection.5.4.3}{Erzeugung eines Update-Katalogdokumentes mit der Klasse UpdateCatalogTask}{subsection.5.4}% 46
\BOOKMARK [3][-]{subsubsection.5.4.4}{Die Klasse DeleteCatalogTask}{subsection.5.4}% 47
\BOOKMARK [3][-]{subsubsection.5.4.5}{Ressourcenmanagement}{subsection.5.4}% 48
\BOOKMARK [2][-]{subsection.5.5}{Bestandsdatenabfrage}{section.5}% 49
\BOOKMARK [1][-]{section.6}{Test}{}% 50
\BOOKMARK [2][-]{subsection.6.1}{Die Klasse MercateoProductsTableTest}{section.6}% 51
\BOOKMARK [2][-]{subsection.6.2}{Die Klasse AvailabilityControllerTest}{section.6}% 52
\BOOKMARK [2][-]{subsection.6.3}{Die Klasse UpdateCatalogTaskTest}{section.6}% 53
\BOOKMARK [2][-]{subsection.6.4}{Die Klasse MercateoAccountsTableTest}{section.6}% 54
\BOOKMARK [2][-]{subsection.6.5}{Die Klasse BMECatComponentTest}{section.6}% 55
\BOOKMARK [1][-]{section.7}{Fazit}{}% 56
\BOOKMARK [1][-]{section.8}{Ausblick}{}% 57
\BOOKMARK [1][-]{appendix.A}{Abbildungsverzeichnis}{}% 58
\BOOKMARK [1][-]{appendix.B}{Tabellenverzeichnis}{}% 59
\BOOKMARK [1][-]{appendix.C}{Listings}{}% 60
\BOOKMARK [1][-]{section*.8}{Anhang}{}% 61
